1665235676954	geckodriver	INFO	Listening on 127.0.0.1:3484
1665235679717	mozrunner::runner	INFO	Running command: "C:\\Program Files\\Mozilla Firefox\\firefox.exe" "--marionette" "--headless" "-no-remote" "-profile" "C:\\Users\\f2757\\AppData\\Local\\Temp\\rust_mozprofile1inZG4"
*** You are running in headless mode.
1665235680094	Marionette	INFO	Marionette enabled
1665235680098	Marionette	INFO	Listening on port 3497
Read port: 3497
1665235680328	RemoteAgent	WARN	TLS certificate errors will be ignored for this session
[GFX1-]: RenderCompositorSWGL failed mapping default framebuffer, no dt
console.warn: SearchSettings: "get: No settings file exists, new profile?" (new NotFoundError("Could not open the file at C:\\Users\\f2757\\AppData\\Local\\Temp\\rust_mozprofile1inZG4\\search.json.mozlz4", (void 0)))
JavaScript warning: https://g.alicdn.com/??xlly/spl/rp.js,secdev/nsv/1.0.78/ns_e_88_3_n.js?v=1, line 5: WebGL context was lost.
JavaScript warning: https://g.alicdn.com/secdev/sufei_data/3.9.10/index.js, line 1: WebGL context was lost.
JavaScript warning: https://g.alicdn.com/AWSC/et/1.62.7/et_n.js, line 2: WEBGL_debug_renderer_info is deprecated in Firefox and will be removed. Please use RENDERER.
JavaScript warning: https://g.alicdn.com/AWSC/et/1.62.7/et_n.js, line 2: WebGL context was lost.
JavaScript warning: https://g.alicdn.com/AWSC/fireyejs/1.223.1/fireyejs.js, line 1: WEBGL_debug_renderer_info is deprecated in Firefox and will be removed. Please use RENDERER.
1665235696902	Marionette	WARN	Ignoring event 'DOMContentLoaded' because document has an invalid readyState of 'complete'.
1665235697059	Marionette	WARN	Ignoring event 'DOMContentLoaded' because document has an invalid readyState of 'complete'.
JavaScript warning: https://g.alicdn.com/secdev/sufei_data/3.9.10/index.js, line 1: WebGL context was lost.
JavaScript warning: https://g.alicdn.com/??xlly/spl/rp.js,secdev/nsv/1.0.78/ns_e_88_3_n.js?v=1, line 5: WebGL context was lost.
JavaScript warning: https://g.alicdn.com/AWSC/et/1.62.7/et_n.js, line 2: WEBGL_debug_renderer_info is deprecated in Firefox and will be removed. Please use RENDERER.
JavaScript warning: https://g.alicdn.com/AWSC/et/1.62.7/et_n.js, line 2: WebGL context was lost.
JavaScript warning: https://g.alicdn.com/AWSC/uab/1.140.0/collina.js, line 4: WEBGL_debug_renderer_info is deprecated in Firefox and will be removed. Please use RENDERER.
1665235703317	Marionette	INFO	Stopped listening on port 3497
1665235750932	geckodriver	INFO	Listening on 127.0.0.1:3980
1665235755296	geckodriver	INFO	Listening on 127.0.0.1:4013
1665235758322	mozrunner::runner	INFO	Running command: "C:\\Program Files\\Mozilla Firefox\\firefox.exe" "--marionette" "-no-remote" "-profile" "C:\\Users\\f2757\\AppData\\Local\\Temp\\rust_mozprofile30g0qg"
1665235758936	Marionette	INFO	Marionette enabled
1665235758944	Marionette	INFO	Listening on port 4049
Read port: 4049
1665235759248	RemoteAgent	WARN	TLS certificate errors will be ignored for this session
console.warn: SearchSettings: "get: No settings file exists, new profile?" (new NotFoundError("Could not open the file at C:\\Users\\f2757\\AppData\\Local\\Temp\\rust_mozprofile30g0qg\\search.json.mozlz4", (void 0)))
JavaScript warning: https://g.alicdn.com/secdev/sufei_data/3.9.10/index.js, line 1: WebGL context was lost.
JavaScript warning: https://g.alicdn.com/??xlly/spl/rp.js,secdev/nsv/1.0.78/ns_e_88_3_n.js?v=1, line 5: WebGL context was lost.
JavaScript warning: https://g.alicdn.com/AWSC/et/1.62.7/et_n.js, line 2: WEBGL_debug_renderer_info is deprecated in Firefox and will be removed. Please use RENDERER.
JavaScript warning: https://g.alicdn.com/AWSC/et/1.62.7/et_n.js, line 2: WebGL context was lost.
JavaScript warning: https://g.alicdn.com/AWSC/fireyejs/1.223.1/fireyejs.js, line 1: WEBGL_debug_renderer_info is deprecated in Firefox and will be removed. Please use RENDERER.
JavaScript warning: https://g.alicdn.com/secdev/sufei_data/3.9.10/index.js, line 1: WebGL context was lost.
JavaScript warning: https://g.alicdn.com/AWSC/et/1.62.7/et_n.js, line 2: WEBGL_debug_renderer_info is deprecated in Firefox and will be removed. Please use RENDERER.
JavaScript warning: https://g.alicdn.com/AWSC/et/1.62.7/et_n.js, line 2: WebGL context was lost.
JavaScript warning: https://g.alicdn.com/??xlly/spl/rp.js,secdev/nsv/1.0.78/ns_e_88_3_n.js?v=1, line 5: WebGL context was lost.
JavaScript warning: https://g.alicdn.com/AWSC/fireyejs/1.223.1/fireyejs.js, line 1: WEBGL_debug_renderer_info is deprecated in Firefox and will be removed. Please use RENDERER.
JavaScript warning: https://g.alicdn.com/secdev/sufei_data/3.9.10/index.js, line 1: WebGL context was lost.
JavaScript warning: https://g.alicdn.com/??xlly/spl/rp.js,secdev/nsv/1.0.78/ns_e_88_3_n.js?v=1, line 5: WebGL context was lost.
JavaScript warning: https://g.alicdn.com/AWSC/et/1.62.7/et_n.js, line 2: WEBGL_debug_renderer_info is deprecated in Firefox and will be removed. Please use RENDERER.
JavaScript warning: https://g.alicdn.com/AWSC/et/1.62.7/et_n.js, line 2: WebGL context was lost.
JavaScript warning: https://g.alicdn.com/AWSC/fireyejs/1.223.1/fireyejs.js, line 1: WEBGL_debug_renderer_info is deprecated in Firefox and will be removed. Please use RENDERER.
JavaScript warning: https://g.alicdn.com/secdev/sufei_data/3.9.10/index.js, line 1: WebGL context was lost.
JavaScript warning: https://g.alicdn.com/??xlly/spl/rp.js,secdev/nsv/1.0.78/ns_e_88_3_n.js?v=1, line 5: WebGL context was lost.
JavaScript warning: https://g.alicdn.com/AWSC/et/1.62.7/et_n.js, line 2: WEBGL_debug_renderer_info is deprecated in Firefox and will be removed. Please use RENDERER.
JavaScript warning: https://g.alicdn.com/AWSC/et/1.62.7/et_n.js, line 2: WebGL context was lost.
JavaScript warning: https://g.alicdn.com/AWSC/fireyejs/1.223.1/fireyejs.js, line 1: WEBGL_debug_renderer_info is deprecated in Firefox and will be removed. Please use RENDERER.
JavaScript warning: https://g.alicdn.com/??xlly/spl/rp.js,secdev/nsv/1.0.78/ns_e_88_3_n.js?v=1, line 5: WebGL context was lost.
JavaScript warning: https://g.alicdn.com/AWSC/et/1.62.7/et_n.js, line 2: WEBGL_debug_renderer_info is deprecated in Firefox and will be removed. Please use RENDERER.
JavaScript warning: https://g.alicdn.com/AWSC/et/1.62.7/et_n.js, line 2: WebGL context was lost.
JavaScript warning: https://g.alicdn.com/secdev/sufei_data/3.9.11/index.js, line 1: WebGL context was lost.
JavaScript warning: https://g.alicdn.com/AWSC/fireyejs/1.223.1/fireyejs.js, line 1: WEBGL_debug_renderer_info is deprecated in Firefox and will be removed. Please use RENDERER.
JavaScript warning: https://g.alicdn.com/??xlly/spl/rp.js,secdev/nsv/1.0.78/ns_e_88_3_n.js?v=1, line 5: WebGL context was lost.
JavaScript warning: https://g.alicdn.com/secdev/sufei_data/3.9.11/index.js, line 1: WebGL context was lost.
JavaScript warning: https://g.alicdn.com/AWSC/et/1.62.7/et_n.js, line 2: WEBGL_debug_renderer_info is deprecated in Firefox and will be removed. Please use RENDERER.
JavaScript warning: https://g.alicdn.com/AWSC/et/1.62.7/et_n.js, line 2: WebGL context was lost.
JavaScript warning: https://g.alicdn.com/AWSC/fireyejs/1.223.1/fireyejs.js, line 1: WEBGL_debug_renderer_info is deprecated in Firefox and will be removed. Please use RENDERER.
JavaScript warning: https://g.alicdn.com/secdev/sufei_data/3.9.10/index.js, line 1: WebGL context was lost.
JavaScript warning: https://g.alicdn.com/??xlly/spl/rp.js,secdev/nsv/1.0.78/ns_e_88_3_n.js?v=1, line 5: WebGL context was lost.
JavaScript warning: https://g.alicdn.com/AWSC/et/1.62.7/et_n.js, line 2: WEBGL_debug_renderer_info is deprecated in Firefox and will be removed. Please use RENDERER.
JavaScript warning: https://g.alicdn.com/AWSC/et/1.62.7/et_n.js, line 2: WebGL context was lost.
JavaScript warning: https://g.alicdn.com/AWSC/fireyejs/1.223.1/fireyejs.js, line 1: WEBGL_debug_renderer_info is deprecated in Firefox and will be removed. Please use RENDERER.
JavaScript warning: https://g.alicdn.com/secdev/sufei_data/3.9.10/index.js, line 1: WebGL context was lost.
JavaScript warning: https://g.alicdn.com/??xlly/spl/rp.js,secdev/nsv/1.0.78/ns_e_88_3_n.js?v=1, line 5: WebGL context was lost.
JavaScript warning: https://g.alicdn.com/AWSC/et/1.62.7/et_n.js, line 2: WEBGL_debug_renderer_info is deprecated in Firefox and will be removed. Please use RENDERER.
JavaScript warning: https://g.alicdn.com/AWSC/et/1.62.7/et_n.js, line 2: WebGL context was lost.
JavaScript warning: https://g.alicdn.com/AWSC/fireyejs/1.223.1/fireyejs.js, line 1: WEBGL_debug_renderer_info is deprecated in Firefox and will be removed. Please use RENDERER.
JavaScript warning: https://g.alicdn.com/??xlly/spl/rp.js,secdev/nsv/1.0.78/ns_e_88_3_n.js?v=1, line 5: WebGL context was lost.
JavaScript warning: https://g.alicdn.com/secdev/sufei_data/3.9.11/index.js, line 1: WebGL context was lost.
JavaScript warning: https://g.alicdn.com/AWSC/et/1.62.7/et_n.js, line 2: WEBGL_debug_renderer_info is deprecated in Firefox and will be removed. Please use RENDERER.
JavaScript warning: https://g.alicdn.com/AWSC/et/1.62.7/et_n.js, line 2: WebGL context was lost.
JavaScript warning: https://g.alicdn.com/AWSC/fireyejs/1.223.1/fireyejs.js, line 1: WEBGL_debug_renderer_info is deprecated in Firefox and will be removed. Please use RENDERER.
JavaScript warning: https://g.alicdn.com/secdev/sufei_data/3.9.10/index.js, line 1: WebGL context was lost.
JavaScript warning: https://g.alicdn.com/??xlly/spl/rp.js,secdev/nsv/1.0.78/ns_e_88_3_n.js?v=1, line 5: WebGL context was lost.
JavaScript warning: https://g.alicdn.com/AWSC/et/1.62.7/et_n.js, line 2: WEBGL_debug_renderer_info is deprecated in Firefox and will be removed. Please use RENDERER.
JavaScript warning: https://g.alicdn.com/AWSC/et/1.62.7/et_n.js, line 2: WebGL context was lost.
JavaScript warning: https://g.alicdn.com/AWSC/fireyejs/1.223.1/fireyejs.js, line 1: WEBGL_debug_renderer_info is deprecated in Firefox and will be removed. Please use RENDERER.
JavaScript warning: https://g.alicdn.com/secdev/sufei_data/3.9.10/index.js, line 1: WebGL context was lost.
JavaScript warning: https://g.alicdn.com/AWSC/et/1.62.7/et_n.js, line 2: WEBGL_debug_renderer_info is deprecated in Firefox and will be removed. Please use RENDERER.
JavaScript warning: https://g.alicdn.com/AWSC/et/1.62.7/et_n.js, line 2: WebGL context was lost.
JavaScript warning: https://g.alicdn.com/??xlly/spl/rp.js,secdev/nsv/1.0.78/ns_e_88_3_n.js?v=1, line 5: WebGL context was lost.
JavaScript warning: https://g.alicdn.com/AWSC/fireyejs/1.223.1/fireyejs.js, line 1: WEBGL_debug_renderer_info is deprecated in Firefox and will be removed. Please use RENDERER.
1665235840730	Marionette	INFO	Stopped listening on port 4049
JavaScript error: chrome://remote/content/marionette/cert.js, line 57: NS_ERROR_NOT_AVAILABLE: Component returned failure code: 0x80040111 (NS_ERROR_NOT_AVAILABLE) [nsICertOverrideService.setDisableAllSecurityChecksAndLetAttackersInterceptMyData]
1665235844645	geckodriver	INFO	Listening on 127.0.0.1:4635
1665235847720	mozrunner::runner	INFO	Running command: "C:\\Program Files\\Mozilla Firefox\\firefox.exe" "--marionette" "disable-blink-features=AutomationControlled" "-no-remote" "-profile" "C:\\Users\\f2757\\AppData\\Local\\Temp\\rust_mozprofilehfUJ2n"
1665235848391	Marionette	INFO	Marionette enabled
1665235848396	Marionette	INFO	Listening on port 4677
Read port: 4677
1665235848778	RemoteAgent	WARN	TLS certificate errors will be ignored for this session
console.warn: SearchSettings: "get: No settings file exists, new profile?" (new NotFoundError("Could not open the file at C:\\Users\\f2757\\AppData\\Local\\Temp\\rust_mozprofilehfUJ2n\\search.json.mozlz4", (void 0)))
JavaScript warning: https://g.alicdn.com/secdev/sufei_data/3.9.10/index.js, line 1: WebGL context was lost.
JavaScript warning: https://g.alicdn.com/AWSC/et/1.62.7/et_n.js, line 2: WEBGL_debug_renderer_info is deprecated in Firefox and will be removed. Please use RENDERER.
JavaScript warning: https://g.alicdn.com/AWSC/et/1.62.7/et_n.js, line 2: WebGL context was lost.
JavaScript warning: https://g.alicdn.com/??xlly/spl/rp.js,secdev/nsv/1.0.78/ns_e_88_3_n.js?v=1, line 5: WebGL context was lost.
JavaScript warning: https://g.alicdn.com/AWSC/fireyejs/1.223.1/fireyejs.js, line 1: WEBGL_debug_renderer_info is deprecated in Firefox and will be removed. Please use RENDERER.
JavaScript warning: https://g.alicdn.com/secdev/sufei_data/3.9.10/index.js, line 1: WebGL context was lost.
JavaScript warning: https://g.alicdn.com/AWSC/et/1.62.7/et_n.js, line 2: WEBGL_debug_renderer_info is deprecated in Firefox and will be removed. Please use RENDERER.
JavaScript warning: https://g.alicdn.com/AWSC/et/1.62.7/et_n.js, line 2: WebGL context was lost.
JavaScript warning: https://g.alicdn.com/??xlly/spl/rp.js,secdev/nsv/1.0.78/ns_e_88_3_n.js?v=1, line 5: WebGL context was lost.
JavaScript warning: https://g.alicdn.com/AWSC/fireyejs/1.223.1/fireyejs.js, line 1: WEBGL_debug_renderer_info is deprecated in Firefox and will be removed. Please use RENDERER.
1665235874789	Marionette	WARN	Ignoring event 'DOMContentLoaded' because document has an invalid readyState of 'complete'.
1665235874955	Marionette	WARN	Ignoring event 'DOMContentLoaded' because document has an invalid readyState of 'complete'.
JavaScript warning: https://g.alicdn.com/secdev/sufei_data/3.9.11/index.js, line 1: WebGL context was lost.
JavaScript warning: https://g.alicdn.com/AWSC/et/1.62.7/et_n.js, line 2: WEBGL_debug_renderer_info is deprecated in Firefox and will be removed. Please use RENDERER.
JavaScript warning: https://g.alicdn.com/AWSC/et/1.62.7/et_n.js, line 2: WebGL context was lost.
JavaScript warning: https://g.alicdn.com/??xlly/spl/rp.js,secdev/nsv/1.0.78/ns_e_88_3_n.js?v=1, line 5: WebGL context was lost.
JavaScript warning: https://g.alicdn.com/AWSC/uab/1.140.0/collina.js, line 4: WEBGL_debug_renderer_info is deprecated in Firefox and will be removed. Please use RENDERER.
1665235879289	Marionette	INFO	Stopped listening on port 4677
JavaScript error: chrome://remote/content/marionette/cert.js, line 57: NS_ERROR_NOT_AVAILABLE: Component returned failure code: 0x80040111 (NS_ERROR_NOT_AVAILABLE) [nsICertOverrideService.setDisableAllSecurityChecksAndLetAttackersInterceptMyData]
